app/build/outputs/logs/manifest-merger-debug-report.txt
-- Merging decision tree log ---
manifest
ADDED from src\main\AndroidManifest.xml:2:1-33:12
INJECTED from src\main\AndroidManifest.xml:2:1-33:12
INJECTED from src\main\AndroidManifest.xml:2:1-33:12
INJECTED from src\main\AndroidManifest.xml:2:1-33:12
MERGED from [com.mapbox.mapboxsdk:mapbox-android-navigation-ui:0.41.0] AndroidManifest.xml:2:1-13:12
MERGED from [com.mapbox.mapboxsdk:mapbox-android-navigation:0.41.0] AndroidManifest.xml:2:1-15:12
MERGED from [com.mapbox.mapboxsdk:mapbox-android-plugin-annotation-v7:0.6.0] AndroidManifest.xml:2:1-9:12
MERGED from [com.android.support:design:28.0.0] AndroidManifest.xml:17:1-24:12
MERGED from [com.android.support:appcompat-v7:28.0.0] AndroidManifest.xml:17:1-22:12
MERGED from [com.android.support.constraint:constraint-layout:1.1.3] AndroidManifest.xml:2:1-11:12
MERGED from [com.mapbox.mapboxsdk:mapbox-android-sdk:8.2.1] AndroidManifest.xml:2:1-20:12
MERGED from [android.arch.lifecycle:extensions:1.1.1] AndroidManifest.xml:17:1-30:12
MERGED from [com.android.support:support-fragment:28.0.0] AndroidManifest.xml:17:1-22:12
MERGED from [com.mapbox.mapboxsdk:mapbox-android-telemetry:4.5.1] AndroidManifest.xml:2:1-30:12
MERGED from [com.android.support:animated-vector-drawable:28.0.0] AndroidManifest.xml:17:1-22:12
MERGED from [com.android.support:recyclerview-v7:28.0.0] AndroidManifest.xml:17:1-22:12
MERGED from [com.android.support:support-core-ui:28.0.0] AndroidManifest.xml:17:1-22:12
MERGED from [com.android.support:support-core-utils:28.0.0] AndroidManifest.xml:17:1-22:12
MERGED from [com.android.support:support-vector-drawable:28.0.0] AndroidManifest.xml:17:1-22:12
MERGED from [com.mapbox.mapboxsdk:mapbox-android-gestures:0.4.2] AndroidManifest.xml:2:1-11:12
MERGED from [com.android.support:loader:28.0.0] AndroidManifest.xml:17:1-22:12
MERGED from [com.android.support:transition:28.0.0] AndroidManifest.xml:17:1-22:12
MERGED from [com.android.support:viewpager:28.0.0] AndroidManifest.xml:17:1-22:12
MERGED from [com.android.support:coordinatorlayout:28.0.0] AndroidManifest.xml:17:1-22:12
MERGED from [com.android.support:drawerlayout:28.0.0] AndroidManifest.xml:17:1-22:12
MERGED from [com.android.support:slidingpanelayout:28.0.0] AndroidManifest.xml:17:1-22:12
MERGED from [com.android.support:customview:28.0.0] AndroidManifest.xml:17:1-22:12
MERGED from [com.android.support:swiperefreshlayout:28.0.0] AndroidManifest.xml:17:1-22:12
MERGED from [com.android.support:asynclayoutinflater:28.0.0] AndroidManifest.xml:17:1-22:12
MERGED from [com.android.support:support-compat:28.0.0] AndroidManifest.xml:17:1-24:12
MERGED from [com.android.support:versionedparcelable:28.0.0] AndroidManifest.xml:17:1-25:12
MERGED from [com.android.support:cursoradapter:28.0.0] AndroidManifest.xml:17:1-22:12
MERGED from [com.mapbox.mapboxsdk:mapbox-android-accounts:0.2.0] AndroidManifest.xml:2:1-9:12
MERGED from [com.android.support:cardview-v7:28.0.0] AndroidManifest.xml:17:1-22:12
MERGED from [com.squareup.picasso:picasso:2.71828] AndroidManifest.xml:2:1-14:12
MERGED from [android.arch.lifecycle:runtime:1.1.1] AndroidManifest.xml:17:1-22:12
MERGED from [com.android.support:documentfile:28.0.0] AndroidManifest.xml:17:1-22:12
MERGED from [com.android.support:localbroadcastmanager:28.0.0] AndroidManifest.xml:17:1-22:12
MERGED from [com.android.support:print:28.0.0] AndroidManifest.xml:17:1-22:12
MERGED from [android.arch.lifecycle:viewmodel:1.1.1] AndroidManifest.xml:17:1-22:12
MERGED from [android.arch.lifecycle:livedata:1.1.1] AndroidManifest.xml:17:1-22:12
MERGED from [android.arch.lifecycle:livedata-core:1.1.1] AndroidManifest.xml:17:1-22:12
MERGED from [android.arch.core:runtime:1.1.1] AndroidManifest.xml:17:1-22:12
MERGED from [com.android.support:exifinterface:27.1.0] AndroidManifest.xml:17:1-22:12
MERGED from [com.android.support:interpolator:28.0.0] AndroidManifest.xml:17:1-22:12
MERGED from [com.facebook.soloader:soloader:0.6.0] AndroidManifest.xml:2:1-13:12
MERGED from [com.jakewharton.timber:timber:4.7.1] AndroidManifest.xml:2:1-9:12
MERGED from [com.mapbox.mapboxsdk:mapbox-android-core:1.3.0] AndroidManifest.xml:2:1-14:12
MERGED from [com.mapbox.navigator:mapbox-navigation-native:6.2.1] AndroidManifest.xml:2:1-7:12
INJECTED from src\main\AndroidManifest.xml:2:1-33:12
INJECTED from src\main\AndroidManifest.xml:2:1-33:12
INJECTED from src\main\AndroidManifest.xml:2:1-33:12
	package
		ADDED from src\main\AndroidManifest.xml:3:5-47
		INJECTED from src\main\AndroidManifest.xml
		INJECTED from src\main\AndroidManifest.xml
	android:versionName
		INJECTED from src\main\AndroidManifest.xml
		ADDED from src\main\AndroidManifest.xml:2:1-33:12
		INJECTED from src\main\AndroidManifest.xml
	android:versionCode
		INJECTED from src\main\AndroidManifest.xml
		ADDED from src\main\AndroidManifest.xml:2:1-33:12
		INJECTED from src\main\AndroidManifest.xml
	xmlns:android
		ADDED from src\main\AndroidManifest.xml:2:11-69
uses-permission#android.permission.SEND_SMS
ADDED from src\main\AndroidManifest.xml:5:5-67
	android:name
		ADDED from src\main\AndroidManifest.xml:5:22-64
uses-permission#android.permission.ACCESS_FINE_LOCATION
ADDED from src\main\AndroidManifest.xml:6:5-79
MERGED from [com.mapbox.mapboxsdk:mapbox-android-telemetry:4.5.1] AndroidManifest.xml:13:5-79
MERGED from [com.mapbox.mapboxsdk:mapbox-android-telemetry:4.5.1] AndroidManifest.xml:13:5-79
MERGED from [com.mapbox.mapboxsdk:mapbox-android-core:1.3.0] AndroidManifest.xml:11:5-79
MERGED from [com.mapbox.mapboxsdk:mapbox-android-core:1.3.0] AndroidManifest.xml:11:5-79
	android:name
		ADDED from src\main\AndroidManifest.xml:6:22-76
application
ADDED from src\main\AndroidManifest.xml:8:5-31:19
MERGED from [com.mapbox.mapboxsdk:mapbox-android-navigation-ui:0.41.0] AndroidManifest.xml:9:5-11:19
MERGED from [com.mapbox.mapboxsdk:mapbox-android-navigation-ui:0.41.0] AndroidManifest.xml:9:5-11:19
MERGED from [com.mapbox.mapboxsdk:mapbox-android-navigation:0.41.0] AndroidManifest.xml:11:5-13:19
MERGED from [com.mapbox.mapboxsdk:mapbox-android-navigation:0.41.0] AndroidManifest.xml:11:5-13:19
MERGED from [com.android.support:design:28.0.0] AndroidManifest.xml:22:5-20
MERGED from [com.android.support:design:28.0.0] AndroidManifest.xml:22:5-20
MERGED from [com.android.support.constraint:constraint-layout:1.1.3] AndroidManifest.xml:9:5-20
MERGED from [com.android.support.constraint:constraint-layout:1.1.3] AndroidManifest.xml:9:5-20
MERGED from [android.arch.lifecycle:extensions:1.1.1] AndroidManifest.xml:22:5-28:19
MERGED from [android.arch.lifecycle:extensions:1.1.1] AndroidManifest.xml:22:5-28:19
MERGED from [com.mapbox.mapboxsdk:mapbox-android-telemetry:4.5.1] AndroidManifest.xml:18:5-28:19
MERGED from [com.mapbox.mapboxsdk:mapbox-android-telemetry:4.5.1] AndroidManifest.xml:18:5-28:19
MERGED from [com.android.support:support-compat:28.0.0] AndroidManifest.xml:22:5-94
MERGED from [com.android.support:support-compat:28.0.0] AndroidManifest.xml:22:5-94
MERGED from [com.android.support:versionedparcelable:28.0.0] AndroidManifest.xml:22:5-23:19
MERGED from [com.android.support:versionedparcelable:28.0.0] AndroidManifest.xml:22:5-23:19
MERGED from [com.squareup.picasso:picasso:2.71828] AndroidManifest.xml:7:5-12:19
MERGED from [com.squareup.picasso:picasso:2.71828] AndroidManifest.xml:7:5-12:19
MERGED from [com.facebook.soloader:soloader:0.6.0] AndroidManifest.xml:11:5-20
MERGED from [com.facebook.soloader:soloader:0.6.0] AndroidManifest.xml:11:5-20
MERGED from [com.jakewharton.timber:timber:4.7.1] AndroidManifest.xml:7:5-20
MERGED from [com.jakewharton.timber:timber:4.7.1] AndroidManifest.xml:7:5-20
	android:appComponentFactory
		ADDED from [com.android.support:support-compat:28.0.0] AndroidManifest.xml:22:18-91
	android:supportsRtl
		ADDED from src\main\AndroidManifest.xml:13:9-35
	android:label
		ADDED from src\main\AndroidManifest.xml:11:9-41
	android:roundIcon
		ADDED from src\main\AndroidManifest.xml:12:9-40
	android:icon
		ADDED from src\main\AndroidManifest.xml:10:9-43
	android:allowBackup
		ADDED from src\main\AndroidManifest.xml:9:9-35
	android:theme
		ADDED from src\main\AndroidManifest.xml:14:9-40
activity#android.example.transportservise.fetchData
ADDED from src\main\AndroidManifest.xml:15:9-56
	android:name
		ADDED from src\main\AndroidManifest.xml:15:19-44
activity#android.example.transportservise.complain
ADDED from src\main\AndroidManifest.xml:16:9-46
	android:name
		ADDED from src\main\AndroidManifest.xml:16:19-43
activity#android.example.transportservise.emergency
ADDED from src\main\AndroidManifest.xml:17:9-47
	android:name
		ADDED from src\main\AndroidManifest.xml:17:19-44
activity#android.example.transportservise.contribute
ADDED from src\main\AndroidManifest.xml:18:9-48
	android:name
		ADDED from src\main\AndroidManifest.xml:18:19-45
activity#android.example.transportservise.trip
ADDED from src\main\AndroidManifest.xml:19:9-42
	android:name
		ADDED from src\main\AndroidManifest.xml:19:19-39
activity#android.example.transportservise.track
ADDED from src\main\AndroidManifest.xml:20:9-43
	android:name
		ADDED from src\main\AndroidManifest.xml:20:19-40
activity#android.example.transportservise.pollution
ADDED from src\main\AndroidManifest.xml:21:9-47
	android:name
		ADDED from src\main\AndroidManifest.xml:21:19-44
activity#android.example.transportservise.busroute
ADDED from src\main\AndroidManifest.xml:22:9-46
	android:name
		ADDED from src\main\AndroidManifest.xml:22:19-43
activity#android.example.transportservise.choice
ADDED from src\main\AndroidManifest.xml:23:9-44
	android:name
		ADDED from src\main\AndroidManifest.xml:23:19-41
activity#android.example.transportservise.MainActivity
ADDED from src\main\AndroidManifest.xml:24:9-30:20
	android:name
		ADDED from src\main\AndroidManifest.xml:24:19-47
intent-filter#action:name:android.intent.action.MAIN+category:name:android.intent.category.LAUNCHER
ADDED from src\main\AndroidManifest.xml:25:13-29:29
action#android.intent.action.MAIN
ADDED from src\main\AndroidManifest.xml:26:17-69
	android:name
		ADDED from src\main\AndroidManifest.xml:26:25-66
category#android.intent.category.LAUNCHER
ADDED from src\main\AndroidManifest.xml:28:17-77
	android:name
		ADDED from src\main\AndroidManifest.xml:28:27-74
uses-sdk
INJECTED from src\main\AndroidManifest.xml reason: use-sdk injection requested
INJECTED from src\main\AndroidManifest.xml
INJECTED from src\main\AndroidManifest.xml
MERGED from [com.mapbox.mapboxsdk:mapbox-android-navigation-ui:0.41.0] AndroidManifest.xml:5:5-7:41
MERGED from [com.mapbox.mapboxsdk:mapbox-android-navigation-ui:0.41.0] AndroidManifest.xml:5:5-7:41
MERGED from [com.mapbox.mapboxsdk:mapbox-android-navigation:0.41.0] AndroidManifest.xml:5:5-7:41
MERGED from [com.mapbox.mapboxsdk:mapbox-android-navigation:0.41.0] AndroidManifest.xml:5:5-7:41
MERGED from [com.mapbox.mapboxsdk:mapbox-android-plugin-annotation-v7:0.6.0] AndroidManifest.xml:5:5-7:41
MERGED from [com.mapbox.mapboxsdk:mapbox-android-plugin-annotation-v7:0.6.0] AndroidManifest.xml:5:5-7:41
MERGED from [com.android.support:design:28.0.0] AndroidManifest.xml:20:5-44
MERGED from [com.android.support:design:28.0.0] AndroidManifest.xml:20:5-44
MERGED from [com.android.support:appcompat-v7:28.0.0] AndroidManifest.xml:20:5-44
MERGED from [com.android.support:appcompat-v7:28.0.0] AndroidManifest.xml:20:5-44
MERGED from [com.android.support.constraint:constraint-layout:1.1.3] AndroidManifest.xml:5:5-7:41
MERGED from [com.android.support.constraint:constraint-layout:1.1.3] AndroidManifest.xml:5:5-7:41
MERGED from [com.mapbox.mapboxsdk:mapbox-android-sdk:8.2.1] AndroidManifest.xml:5:5-7:41
MERGED from [com.mapbox.mapboxsdk:mapbox-android-sdk:8.2.1] AndroidManifest.xml:5:5-7:41
MERGED from [android.arch.lifecycle:extensions:1.1.1] AndroidManifest.xml:20:5-44
MERGED from [android.arch.lifecycle:extensions:1.1.1] AndroidManifest.xml:20:5-44
MERGED from [com.android.support:support-fragment:28.0.0] AndroidManifest.xml:20:5-44
MERGED from [com.android.support:support-fragment:28.0.0] AndroidManifest.xml:20:5-44
MERGED from [com.mapbox.mapboxsdk:mapbox-android-telemetry:4.5.1] AndroidManifest.xml:7:5-9:41
MERGED from [com.mapbox.mapboxsdk:mapbox-android-telemetry:4.5.1] AndroidManifest.xml:7:5-9:41
MERGED from [com.android.support:animated-vector-drawable:28.0.0] AndroidManifest.xml:20:5-44
MERGED from [com.android.support:animated-vector-drawable:28.0.0] AndroidManifest.xml:20:5-44
MERGED from [com.android.support:recyclerview-v7:28.0.0] AndroidManifest.xml:20:5-44
MERGED from [com.android.support:recyclerview-v7:28.0.0] AndroidManifest.xml:20:5-44
MERGED from [com.android.support:support-core-ui:28.0.0] AndroidManifest.xml:20:5-44
MERGED from [com.android.support:support-core-ui:28.0.0] AndroidManifest.xml:20:5-44
MERGED from [com.android.support:support-core-utils:28.0.0] AndroidManifest.xml:20:5-44
MERGED from [com.android.support:support-core-utils:28.0.0] AndroidManifest.xml:20:5-44
MERGED from [com.android.support:support-vector-drawable:28.0.0] AndroidManifest.xml:20:5-44
MERGED from [com.android.support:support-vector-drawable:28.0.0] AndroidManifest.xml:20:5-44
MERGED from [com.mapbox.mapboxsdk:mapbox-android-gestures:0.4.2] AndroidManifest.xml:7:5-9:41
MERGED from [com.mapbox.mapboxsdk:mapbox-android-gestures:0.4.2] AndroidManifest.xml:7:5-9:41
MERGED from [com.android.support:loader:28.0.0] AndroidManifest.xml:20:5-44
MERGED from [com.android.support:loader:28.0.0] AndroidManifest.xml:20:5-44
MERGED from [com.android.support:transition:28.0.0] AndroidManifest.xml:20:5-44
MERGED from [com.android.support:transition:28.0.0] AndroidManifest.xml:20:5-44
MERGED from [com.android.support:viewpager:28.0.0] AndroidManifest.xml:20:5-44
MERGED from [com.android.support:viewpager:28.0.0] AndroidManifest.xml:20:5-44
MERGED from [com.android.support:coordinatorlayout:28.0.0] AndroidManifest.xml:20:5-44
MERGED from [com.android.support:coordinatorlayout:28.0.0] AndroidManifest.xml:20:5-44
MERGED from [com.android.support:drawerlayout:28.0.0] AndroidManifest.xml:20:5-44
MERGED from [com.android.support:drawerlayout:28.0.0] AndroidManifest.xml:20:5-44
MERGED from [com.android.support:slidingpanelayout:28.0.0] AndroidManifest.xml:20:5-44
MERGED from [com.android.support:slidingpanelayout:28.0.0] AndroidManifest.xml:20:5-44
MERGED from [com.android.support:customview:28.0.0] AndroidManifest.xml:20:5-44
MERGED from [com.android.support:customview:28.0.0] AndroidManifest.xml:20:5-44
MERGED from [com.android.support:swiperefreshlayout:28.0.0] AndroidManifest.xml:20:5-44
MERGED from [com.android.support:swiperefreshlayout:28.0.0] AndroidManifest.xml:20:5-44
MERGED from [com.android.support:asynclayoutinflater:28.0.0] AndroidManifest.xml:20:5-44
MERGED from [com.android.support:asynclayoutinflater:28.0.0] AndroidManifest.xml:20:5-44
MERGED from [com.android.support:support-compat:28.0.0] AndroidManifest.xml:20:5-44
MERGED from [com.android.support:support-compat:28.0.0] AndroidManifest.xml:20:5-44
MERGED from [com.android.support:versionedparcelable:28.0.0] AndroidManifest.xml:20:5-44
MERGED from [com.android.support:versionedparcelable:28.0.0] AndroidManifest.xml:20:5-44
MERGED from [com.android.support:cursoradapter:28.0.0] AndroidManifest.xml:20:5-44
MERGED from [com.android.support:cursoradapter:28.0.0] AndroidManifest.xml:20:5-44
MERGED from [com.mapbox.mapboxsdk:mapbox-android-accounts:0.2.0] AndroidManifest.xml:5:5-7:41
MERGED from [com.mapbox.mapboxsdk:mapbox-android-accounts:0.2.0] AndroidManifest.xml:5:5-7:41
MERGED from [com.android.support:cardview-v7:28.0.0] AndroidManifest.xml:20:5-44
MERGED from [com.android.support:cardview-v7:28.0.0] AndroidManifest.xml:20:5-44
MERGED from [com.squareup.picasso:picasso:2.71828] AndroidManifest.xml:5:5-44
MERGED from [com.squareup.picasso:picasso:2.71828] AndroidManifest.xml:5:5-44
MERGED from [android.arch.lifecycle:runtime:1.1.1] AndroidManifest.xml:20:5-44
MERGED from [android.arch.lifecycle:runtime:1.1.1] AndroidManifest.xml:20:5-44
MERGED from [com.android.support:documentfile:28.0.0] AndroidManifest.xml:20:5-44
MERGED from [com.android.support:documentfile:28.0.0] AndroidManifest.xml:20:5-44
MERGED from [com.android.support:localbroadcastmanager:28.0.0] AndroidManifest.xml:20:5-44
MERGED from [com.android.support:localbroadcastmanager:28.0.0] AndroidManifest.xml:20:5-44
MERGED from [com.android.support:print:28.0.0] AndroidManifest.xml:20:5-44
MERGED from [com.android.support:print:28.0.0] AndroidManifest.xml:20:5-44
MERGED from [android.arch.lifecycle:viewmodel:1.1.1] AndroidManifest.xml:20:5-44
MERGED from [android.arch.lifecycle:viewmodel:1.1.1] AndroidManifest.xml:20:5-44
MERGED from [android.arch.lifecycle:livedata:1.1.1] AndroidManifest.xml:20:5-44
MERGED from [android.arch.lifecycle:livedata:1.1.1] AndroidManifest.xml:20:5-44
MERGED from [android.arch.lifecycle:livedata-core:1.1.1] AndroidManifest.xml:20:5-44
MERGED from [android.arch.lifecycle:livedata-core:1.1.1] AndroidManifest.xml:20:5-44
MERGED from [android.arch.core:runtime:1.1.1] AndroidManifest.xml:20:5-44
MERGED from [android.arch.core:runtime:1.1.1] AndroidManifest.xml:20:5-44
MERGED from [com.android.support:exifinterface:27.1.0] AndroidManifest.xml:20:5-44
MERGED from [com.android.support:exifinterface:27.1.0] AndroidManifest.xml:20:5-44
MERGED from [com.android.support:interpolator:28.0.0] AndroidManifest.xml:20:5-44
MERGED from [com.android.support:interpolator:28.0.0] AndroidManifest.xml:20:5-44
MERGED from [com.facebook.soloader:soloader:0.6.0] AndroidManifest.xml:7:5-9:41
MERGED from [com.facebook.soloader:soloader:0.6.0] AndroidManifest.xml:7:5-9:41
MERGED from [com.jakewharton.timber:timber:4.7.1] AndroidManifest.xml:5:5-43
MERGED from [com.jakewharton.timber:timber:4.7.1] AndroidManifest.xml:5:5-43
MERGED from [com.mapbox.mapboxsdk:mapbox-android-core:1.3.0] AndroidManifest.xml:7:5-9:41
MERGED from [com.mapbox.mapboxsdk:mapbox-android-core:1.3.0] AndroidManifest.xml:7:5-9:41
MERGED from [com.mapbox.navigator:mapbox-navigation-native:6.2.1] AndroidManifest.xml:5:5-44
MERGED from [com.mapbox.navigator:mapbox-navigation-native:6.2.1] AndroidManifest.xml:5:5-44
INJECTED from src\main\AndroidManifest.xml
INJECTED from src\main\AndroidManifest.xml
	android:targetSdkVersion
		INJECTED from src\main\AndroidManifest.xml
		ADDED from src\main\AndroidManifest.xml
		INJECTED from src\main\AndroidManifest.xml
	android:minSdkVersion
		INJECTED from src\main\AndroidManifest.xml
		ADDED from src\main\AndroidManifest.xml
		INJECTED from src\main\AndroidManifest.xml
activity#com.mapbox.services.android.navigation.ui.v5.MapboxNavigationActivity
ADDED from [com.mapbox.mapboxsdk:mapbox-android-navigation-ui:0.41.0] AndroidManifest.xml:10:9-106
	android:name
		ADDED from [com.mapbox.mapboxsdk:mapbox-android-navigation-ui:0.41.0] AndroidManifest.xml:10:19-103
uses-permission#android.permission.FOREGROUND_SERVICE
ADDED from [com.mapbox.mapboxsdk:mapbox-android-navigation:0.41.0] AndroidManifest.xml:9:5-77
	android:name
		ADDED from [com.mapbox.mapboxsdk:mapbox-android-navigation:0.41.0] AndroidManifest.xml:9:22-74
service#com.mapbox.services.android.navigation.v5.navigation.NavigationService
ADDED from [com.mapbox.mapboxsdk:mapbox-android-navigation:0.41.0] AndroidManifest.xml:12:9-106
	android:name
		ADDED from [com.mapbox.mapboxsdk:mapbox-android-navigation:0.41.0] AndroidManifest.xml:12:18-103
uses-feature#0x00020000
ADDED from [com.mapbox.mapboxsdk:mapbox-android-sdk:8.2.1] AndroidManifest.xml:9:5-11:35
	android:glEsVersion
		ADDED from [com.mapbox.mapboxsdk:mapbox-android-sdk:8.2.1] AndroidManifest.xml:10:9-41
	android:required
		ADDED from [com.mapbox.mapboxsdk:mapbox-android-sdk:8.2.1] AndroidManifest.xml:11:9-32
uses-feature#android.hardware.wifi
ADDED from [com.mapbox.mapboxsdk:mapbox-android-sdk:8.2.1] AndroidManifest.xml:12:5-14:36
	android:required
		ADDED from [com.mapbox.mapboxsdk:mapbox-android-sdk:8.2.1] AndroidManifest.xml:14:9-33
	android:name
		ADDED from [com.mapbox.mapboxsdk:mapbox-android-sdk:8.2.1] AndroidManifest.xml:13:9-45
uses-permission#android.permission.INTERNET
ADDED from [com.mapbox.mapboxsdk:mapbox-android-sdk:8.2.1] AndroidManifest.xml:16:5-67
MERGED from [com.mapbox.mapboxsdk:mapbox-android-telemetry:4.5.1] AndroidManifest.xml:16:5-67
MERGED from [com.mapbox.mapboxsdk:mapbox-android-telemetry:4.5.1] AndroidManifest.xml:16:5-67
	android:name
		ADDED from [com.mapbox.mapboxsdk:mapbox-android-sdk:8.2.1] AndroidManifest.xml:16:22-64
uses-permission#android.permission.ACCESS_NETWORK_STATE
ADDED from [com.mapbox.mapboxsdk:mapbox-android-sdk:8.2.1] AndroidManifest.xml:17:5-79
MERGED from [com.mapbox.mapboxsdk:mapbox-android-telemetry:4.5.1] AndroidManifest.xml:14:5-79
MERGED from [com.mapbox.mapboxsdk:mapbox-android-telemetry:4.5.1] AndroidManifest.xml:14:5-79
MERGED from [com.mapbox.mapboxsdk:mapbox-android-core:1.3.0] AndroidManifest.xml:12:5-79
MERGED from [com.mapbox.mapboxsdk:mapbox-android-core:1.3.0] AndroidManifest.xml:12:5-79
	android:name
		ADDED from [com.mapbox.mapboxsdk:mapbox-android-sdk:8.2.1] AndroidManifest.xml:17:22-76
uses-permission#android.permission.ACCESS_WIFI_STATE
ADDED from [com.mapbox.mapboxsdk:mapbox-android-sdk:8.2.1] AndroidManifest.xml:18:5-76
MERGED from [com.mapbox.mapboxsdk:mapbox-android-telemetry:4.5.1] AndroidManifest.xml:15:5-76
MERGED from [com.mapbox.mapboxsdk:mapbox-android-telemetry:4.5.1] AndroidManifest.xml:15:5-76
	android:name
		ADDED from [com.mapbox.mapboxsdk:mapbox-android-sdk:8.2.1] AndroidManifest.xml:18:22-73
provider#android.arch.lifecycle.ProcessLifecycleOwnerInitializer
ADDED from [android.arch.lifecycle:extensions:1.1.1] AndroidManifest.xml:23:9-27:43
	android:authorities
		ADDED from [android.arch.lifecycle:extensions:1.1.1] AndroidManifest.xml:25:13-68
	android:multiprocess
		ADDED from [android.arch.lifecycle:extensions:1.1.1] AndroidManifest.xml:27:13-40
	android:exported
		ADDED from [android.arch.lifecycle:extensions:1.1.1] AndroidManifest.xml:26:13-37
	android:name
		ADDED from [android.arch.lifecycle:extensions:1.1.1] AndroidManifest.xml:24:13-83
uses-permission#android.permission.WAKE_LOCK
ADDED from [com.mapbox.mapboxsdk:mapbox-android-telemetry:4.5.1] AndroidManifest.xml:12:5-68
	android:name
		ADDED from [com.mapbox.mapboxsdk:mapbox-android-telemetry:4.5.1] AndroidManifest.xml:12:22-65
provider#com.mapbox.android.telemetry.provider.MapboxTelemetryInitProvider
ADDED from [com.mapbox.mapboxsdk:mapbox-android-telemetry:4.5.1] AndroidManifest.xml:19:9-23:39
	android:authorities
		ADDED from [com.mapbox.mapboxsdk:mapbox-android-telemetry:4.5.1] AndroidManifest.xml:21:13-79
	android:exported
		ADDED from [com.mapbox.mapboxsdk:mapbox-android-telemetry:4.5.1] AndroidManifest.xml:22:13-37
	android:initOrder
		ADDED from [com.mapbox.mapboxsdk:mapbox-android-telemetry:4.5.1] AndroidManifest.xml:23:13-36
	android:name
		ADDED from [com.mapbox.mapboxsdk:mapbox-android-telemetry:4.5.1] AndroidManifest.xml:20:13-93
service#com.mapbox.android.telemetry.crash.CrashReporterJobIntentService
ADDED from [com.mapbox.mapboxsdk:mapbox-android-telemetry:4.5.1] AndroidManifest.xml:25:9-27:72
	android:permission
		ADDED from [com.mapbox.mapboxsdk:mapbox-android-telemetry:4.5.1] AndroidManifest.xml:27:13-69
	android:name
		ADDED from [com.mapbox.mapboxsdk:mapbox-android-telemetry:4.5.1] AndroidManifest.xml:26:13-92
provider#com.squareup.picasso.PicassoProvider
ADDED from [com.squareup.picasso:picasso:2.71828] AndroidManifest.xml:8:9-11:40
	android:authorities
		ADDED from [com.squareup.picasso:picasso:2.71828] AndroidManifest.xml:10:13-72
	android:exported
		ADDED from [com.squareup.picasso:picasso:2.71828] AndroidManifest.xml:11:13-37
	android:name
		ADDED from [com.squareup.picasso:picasso:2.71828] AndroidManifest.xml:9:13-64